----------------------------------------
Processing recording:  D:\pre-release\data\immobile\bottle-014-1
Validation result:  True
Number of Selected frames:  1326
Number of Dropped frames:  172
----------------------------------------

----------------------------------------
Processing recording:  D:\pre-release\data\immobile\bottle-015-1
Validation result:  True
Number of Selected frames:  1967
Number of Dropped frames:  165
----------------------------------------

----------------------------------------
Processing recording:  D:\pre-release\data\immobile\bottle-017-1
Validation result:  True
Number of Selected frames:  1267
Number of Dropped frames:  166
----------------------------------------

----------------------------------------
Processing recording:  D:\pre-release\data\immobile\bottle-018-1
Validation result:  True
Number of Selected frames:  1110
Number of Dropped frames:  161
----------------------------------------

----------------------------------------
Processing recording:  D:\pre-release\data\immobile\bottle-023-1
Validation result:  True
Number of Selected frames:  1283
Number of Dropped frames:  171
----------------------------------------

----------------------------------------
Processing recording:  D:\pre-release\data\immobile\bottle-028-1
Validation result:  True
Number of Selected frames:  1238
Number of Dropped frames:  168
----------------------------------------

----------------------------------------
Processing recording:  D:\pre-release\data\immobile\bottle-031-2
Validation result:  True
Number of Selected frames:  916
Number of Dropped frames:  168
----------------------------------------

----------------------------------------
Processing recording:  D:\pre-release\data\immobile\box-005-1
Validation result:  True
Number of Selected frames:  1767
Number of Dropped frames:  164
----------------------------------------

----------------------------------------
Processing recording:  D:\pre-release\data\immobile\box-026-1
Validation result:  True
Number of Selected frames:  1216
Number of Dropped frames:  167
----------------------------------------

----------------------------------------
Processing recording:  D:\pre-release\data\immobile\box-027-1
Validation result:  True
Number of Selected frames:  906
Number of Dropped frames:  162
----------------------------------------

----------------------------------------
Processing recording:  D:\pre-release\data\immobile\box-033-3
Validation result:  True
Number of Selected frames:  872
Number of Dropped frames:  173
----------------------------------------

----------------------------------------
Processing recording:  D:\pre-release\data\immobile\bucket-004-1
Validation result:  True
Number of Selected frames:  989
Number of Dropped frames:  167
----------------------------------------

----------------------------------------
Processing recording:  D:\pre-release\data\immobile\bucket-019-2
Validation result:  True
Number of Selected frames:  1106
Number of Dropped frames:  158
----------------------------------------

----------------------------------------
Processing recording:  D:\pre-release\data\immobile\bucket-021-1
Validation result:  True
Number of Selected frames:  1340
Number of Dropped frames:  164
----------------------------------------

----------------------------------------
Processing recording:  D:\pre-release\data\immobile\bucket-022-3
Validation result:  True
Number of Selected frames:  923
Number of Dropped frames:  176
----------------------------------------

----------------------------------------
Processing recording:  D:\pre-release\data\immobile\bucket-057-1
Validation result:  True
Number of Selected frames:  512
Number of Dropped frames:  154
----------------------------------------

----------------------------------------
Processing recording:  D:\pre-release\data\immobile\clip-009-1
Validation result:  True
Number of Selected frames:  861
Number of Dropped frames:  159
----------------------------------------

----------------------------------------
Processing recording:  D:\pre-release\data\immobile\clip-029-1
Validation result:  True
Number of Selected frames:  1263
Number of Dropped frames:  158
----------------------------------------

----------------------------------------
Processing recording:  D:\pre-release\data\immobile\clip-032-1
Validation result:  True
Number of Selected frames:  989
Number of Dropped frames:  163
----------------------------------------

----------------------------------------
Processing recording:  D:\pre-release\data\immobile\clip-036-1
Validation result:  True
Number of Selected frames:  1116
Number of Dropped frames:  159
----------------------------------------

----------------------------------------
Processing recording:  D:\pre-release\data\immobile\clip-042-1
Validation result:  True
Number of Selected frames:  1113
Number of Dropped frames:  161
----------------------------------------

----------------------------------------
Processing recording:  D:\pre-release\data\immobile\cup-007-2
Validation result:  True
Number of Selected frames:  908
Number of Dropped frames:  169
----------------------------------------

----------------------------------------
Processing recording:  D:\pre-release\data\immobile\cup-030-1
Validation result:  True
Number of Selected frames:  1133
Number of Dropped frames:  156
----------------------------------------

----------------------------------------
Processing recording:  D:\pre-release\data\immobile\cup-044-2
Validation result:  True
Number of Selected frames:  1295
Number of Dropped frames:  171
----------------------------------------

----------------------------------------
Processing recording:  D:\pre-release\data\immobile\cup-045-1
Validation result:  True
Number of Selected frames:  1148
Number of Dropped frames:  162
----------------------------------------

----------------------------------------
Processing recording:  D:\pre-release\data\immobile\drawer-001-2
Validation result:  True
Number of Selected frames:  1413
Number of Dropped frames:  160
----------------------------------------

----------------------------------------
Processing recording:  D:\pre-release\data\immobile\drawer-003-4
Validation result:  True
Number of Selected frames:  2040
Number of Dropped frames:  167
----------------------------------------

----------------------------------------
Processing recording:  D:\pre-release\data\immobile\drawer-006-1
Validation result:  True
Number of Selected frames:  1126
Number of Dropped frames:  162
----------------------------------------

----------------------------------------
Processing recording:  D:\pre-release\data\immobile\drawer-010-2
Validation result:  True
Number of Selected frames:  1270
Number of Dropped frames:  167
----------------------------------------

----------------------------------------
Processing recording:  D:\pre-release\data\immobile\drawer-020-1
Validation result:  True
Number of Selected frames:  1111
Number of Dropped frames:  165
----------------------------------------

----------------------------------------
Processing recording:  D:\pre-release\data\immobile\eyeglasses-039-3
Validation result:  True
Number of Selected frames:  833
Number of Dropped frames:  166
----------------------------------------

----------------------------------------
Processing recording:  D:\pre-release\data\immobile\eyeglasses-040-1
Validation result:  True
Number of Selected frames:  1250
Number of Dropped frames:  169
----------------------------------------

----------------------------------------
Processing recording:  D:\pre-release\data\immobile\eyeglasses-049-2
Validation result:  True
Number of Selected frames:  0
Number of Dropped frames:  107
----------------------------------------

----------------------------------------
Processing recording:  D:\pre-release\data\immobile\eyeglasses-050-2
Validation result:  True
Number of Selected frames:  1379
Number of Dropped frames:  169
----------------------------------------

----------------------------------------
Processing recording:  D:\pre-release\data\immobile\eyeglasses-051-1
Validation result:  True
Number of Selected frames:  887
Number of Dropped frames:  166
----------------------------------------

----------------------------------------
Processing recording:  D:\pre-release\data\immobile\faucet-038-2
Validation result:  True
Number of Selected frames:  1249
Number of Dropped frames:  166
----------------------------------------

----------------------------------------
Processing recording:  D:\pre-release\data\immobile\faucet-043-2
Validation result:  True
Number of Selected frames:  1396
Number of Dropped frames:  163
----------------------------------------

----------------------------------------
Processing recording:  D:\pre-release\data\immobile\faucet-046-1
Validation result:  True
Number of Selected frames:  783
Number of Dropped frames:  164
----------------------------------------

----------------------------------------
Processing recording:  D:\pre-release\data\immobile\faucet-047-1
Validation result:  True
Number of Selected frames:  1247
Number of Dropped frames:  165
----------------------------------------

----------------------------------------
Processing recording:  D:\pre-release\data\immobile\faucet-048-2
Validation result:  True
Number of Selected frames:  840
Number of Dropped frames:  163
----------------------------------------

----------------------------------------
Processing recording:  D:\pre-release\data\immobile\misc-011-1
Validation result:  True
Number of Selected frames:  1472
Number of Dropped frames:  174
----------------------------------------

----------------------------------------
Processing recording:  D:\pre-release\data\immobile\misc-016-2
Validation result:  True
Number of Selected frames:  890
Number of Dropped frames:  168
----------------------------------------

----------------------------------------
Processing recording:  D:\pre-release\data\immobile\misc-025-2
Validation result:  True
Number of Selected frames:  1141
Number of Dropped frames:  175
----------------------------------------

----------------------------------------
Processing recording:  D:\pre-release\data\immobile\scissors-037-6
Validation result:  True
Number of Selected frames:  840
Number of Dropped frames:  164
----------------------------------------

----------------------------------------
Processing recording:  D:\pre-release\data\immobile\scissors-052-1
Validation result:  True
Number of Selected frames:  756
Number of Dropped frames:  168
----------------------------------------

----------------------------------------
Processing recording:  D:\pre-release\data\immobile\scissors-053-1
Validation result:  True
Number of Selected frames:  756
Number of Dropped frames:  174
----------------------------------------

----------------------------------------
Processing recording:  D:\pre-release\data\immobile\scissors-054-2
Validation result:  True
Number of Selected frames:  926
Number of Dropped frames:  174
----------------------------------------

----------------------------------------
Processing recording:  D:\pre-release\data\immobile\stapler-013-1
Validation result:  True
Number of Selected frames:  899
Number of Dropped frames:  166
----------------------------------------

----------------------------------------
Processing recording:  D:\pre-release\data\immobile\stapler-034-1
Validation result:  True
Number of Selected frames:  797
Number of Dropped frames:  162
----------------------------------------

----------------------------------------
Processing recording:  D:\pre-release\data\immobile\stapler-035-1
Validation result:  True
Number of Selected frames:  843
Number of Dropped frames:  162
----------------------------------------

----------------------------------------
Processing recording:  D:\pre-release\data\immobile\stapler-055-1
Validation result:  True
Number of Selected frames:  474
Number of Dropped frames:  179
----------------------------------------

----------------------------------------
Processing recording:  D:\pre-release\data\immobile\stapler-056-1
Validation result:  True
Number of Selected frames:  865
Number of Dropped frames:  176
----------------------------------------

----------------------------------------
Processing recording:  D:\pre-release\data\portable\bottle-014-1
Validation result:  True
Number of Selected frames:  1271
Number of Dropped frames:  93
----------------------------------------

----------------------------------------
Processing recording:  D:\pre-release\data\portable\bottle-015-2
Validation result:  True
Number of Selected frames:  2200
Number of Dropped frames:  120
----------------------------------------

----------------------------------------
Processing recording:  D:\pre-release\data\portable\bottle-017-1
Validation result:  True
Number of Selected frames:  1276
Number of Dropped frames:  95
----------------------------------------

----------------------------------------
Processing recording:  D:\pre-release\data\portable\bottle-018-1
Validation result:  True
Number of Selected frames:  793
Number of Dropped frames:  132
----------------------------------------

----------------------------------------
Processing recording:  D:\pre-release\data\portable\bottle-023-1
Validation result:  True
Number of Selected frames:  1242
Number of Dropped frames:  123
----------------------------------------

----------------------------------------
Processing recording:  D:\pre-release\data\portable\bottle-028-1
Validation result:  True
Number of Selected frames:  1098
Number of Dropped frames:  143
----------------------------------------

----------------------------------------
Processing recording:  D:\pre-release\data\portable\bottle-031-1
Validation result:  True
Number of Selected frames:  842
Number of Dropped frames:  110
----------------------------------------

----------------------------------------
Processing recording:  D:\pre-release\data\portable\box-005-3
Validation result:  True
Number of Selected frames:  938
Number of Dropped frames:  100
----------------------------------------

----------------------------------------
Processing recording:  D:\pre-release\data\portable\box-026-1
Validation result:  True
Number of Selected frames:  1026
Number of Dropped frames:  111
----------------------------------------

----------------------------------------
Processing recording:  D:\pre-release\data\portable\box-027-3
Validation result:  True
Number of Selected frames:  1276
Number of Dropped frames:  111
----------------------------------------

----------------------------------------
Processing recording:  D:\pre-release\data\portable\box-033-1
Validation result:  True
Number of Selected frames:  1154
Number of Dropped frames:  140
----------------------------------------

----------------------------------------
Processing recording:  D:\pre-release\data\portable\bucket-004-2
Validation result:  True
Number of Selected frames:  904
Number of Dropped frames:  112
----------------------------------------

----------------------------------------
Processing recording:  D:\pre-release\data\portable\bucket-019-1
Validation result:  True
Number of Selected frames:  1473
Number of Dropped frames:  94
----------------------------------------

----------------------------------------
Processing recording:  D:\pre-release\data\portable\bucket-021-1
Validation result:  True
Number of Selected frames:  1024
Number of Dropped frames:  128
----------------------------------------

----------------------------------------
Processing recording:  D:\pre-release\data\portable\bucket-022-1
Validation result:  True
Number of Selected frames:  1301
Number of Dropped frames:  97
----------------------------------------

----------------------------------------
Processing recording:  D:\pre-release\data\portable\bucket-057-1
Validation result:  True
Number of Selected frames:  960
Number of Dropped frames:  122
----------------------------------------

----------------------------------------
Processing recording:  D:\pre-release\data\portable\clip-009-1
Validation result:  True
Number of Selected frames:  970
Number of Dropped frames:  115
----------------------------------------

----------------------------------------
Processing recording:  D:\pre-release\data\portable\clip-029-1
Validation result:  True
Number of Selected frames:  1069
Number of Dropped frames:  101
----------------------------------------

----------------------------------------
Processing recording:  D:\pre-release\data\portable\clip-032-2
Validation result:  True
Number of Selected frames:  1261
Number of Dropped frames:  108
----------------------------------------

----------------------------------------
Processing recording:  D:\pre-release\data\portable\clip-036-1
Validation result:  True
Number of Selected frames:  1130
Number of Dropped frames:  104
----------------------------------------

----------------------------------------
Processing recording:  D:\pre-release\data\portable\clip-042-1
Validation result:  True
Number of Selected frames:  1179
Number of Dropped frames:  98
----------------------------------------

----------------------------------------
Processing recording:  D:\pre-release\data\portable\cup-007-1
Validation result:  True
Number of Selected frames:  1157
Number of Dropped frames:  113
----------------------------------------

----------------------------------------
Processing recording:  D:\pre-release\data\portable\cup-030-2
Validation result:  True
Number of Selected frames:  1062
Number of Dropped frames:  116
----------------------------------------

----------------------------------------
Processing recording:  D:\pre-release\data\portable\cup-044-1
Validation result:  True
Number of Selected frames:  1393
Number of Dropped frames:  127
----------------------------------------

----------------------------------------
Processing recording:  D:\pre-release\data\portable\cup-045-1
Validation result:  True
Number of Selected frames:  961
Number of Dropped frames:  123
----------------------------------------

----------------------------------------
Processing recording:  D:\pre-release\data\portable\drawer-001-1
Validation result:  True
Number of Selected frames:  1940
Number of Dropped frames:  140
----------------------------------------

----------------------------------------
Processing recording:  D:\pre-release\data\portable\drawer-003-2
Validation result:  True
Number of Selected frames:  1553
Number of Dropped frames:  132
----------------------------------------

----------------------------------------
Processing recording:  D:\pre-release\data\portable\drawer-006-1
Validation result:  True
Number of Selected frames:  960
Number of Dropped frames:  105
----------------------------------------

----------------------------------------
Processing recording:  D:\pre-release\data\portable\drawer-010-1
Validation result:  True
Number of Selected frames:  1749
Number of Dropped frames:  123
----------------------------------------

----------------------------------------
Processing recording:  D:\pre-release\data\portable\drawer-020-1
Validation result:  True
Number of Selected frames:  1029
Number of Dropped frames:  108
----------------------------------------

----------------------------------------
Processing recording:  D:\pre-release\data\portable\eyeglasses-039-1
Validation result:  True
Number of Selected frames:  1160
Number of Dropped frames:  112
----------------------------------------

----------------------------------------
Processing recording:  D:\pre-release\data\portable\eyeglasses-040-1
Validation result:  True
Number of Selected frames:  1395
Number of Dropped frames:  118
----------------------------------------

----------------------------------------
Processing recording:  D:\pre-release\data\portable\eyeglasses-049-1
Validation result:  True
Number of Selected frames:  1420
Number of Dropped frames:  116
----------------------------------------

----------------------------------------
Processing recording:  D:\pre-release\data\portable\eyeglasses-050-3
Validation result:  True
Number of Selected frames:  1150
Number of Dropped frames:  140
----------------------------------------

----------------------------------------
Processing recording:  D:\pre-release\data\portable\eyeglasses-051-2
Validation result:  True
Number of Selected frames:  1169
Number of Dropped frames:  124
----------------------------------------

----------------------------------------
Processing recording:  D:\pre-release\data\portable\faucet-038-1
Validation result:  True
Number of Selected frames:  1051
Number of Dropped frames:  127
----------------------------------------

----------------------------------------
Processing recording:  D:\pre-release\data\portable\faucet-043-1
Validation result:  True
Number of Selected frames:  1819
Number of Dropped frames:  137
----------------------------------------

----------------------------------------
Processing recording:  D:\pre-release\data\portable\faucet-046-1
Validation result:  True
Number of Selected frames:  1049
Number of Dropped frames:  131
----------------------------------------

----------------------------------------
Processing recording:  D:\pre-release\data\portable\faucet-047-1
Validation result:  True
Number of Selected frames:  998
Number of Dropped frames:  135
----------------------------------------

----------------------------------------
Processing recording:  D:\pre-release\data\portable\faucet-048-1
Validation result:  True
Number of Selected frames:  828
Number of Dropped frames:  135
----------------------------------------

----------------------------------------
Processing recording:  D:\pre-release\data\portable\misc-011-1
Validation result:  True
Number of Selected frames:  1356
Number of Dropped frames:  152
----------------------------------------

----------------------------------------
Processing recording:  D:\pre-release\data\portable\misc-016-1
Validation result:  True
Number of Selected frames:  1019
Number of Dropped frames:  101
----------------------------------------

----------------------------------------
Processing recording:  D:\pre-release\data\portable\misc-025-1
Validation result:  True
Number of Selected frames:  1944
Number of Dropped frames:  110
----------------------------------------

----------------------------------------
Processing recording:  D:\pre-release\data\portable\scissors-037-1
Validation result:  True
Number of Selected frames:  1018
Number of Dropped frames:  116
----------------------------------------

----------------------------------------
Processing recording:  D:\pre-release\data\portable\scissors-052-1
Validation result:  True
Number of Selected frames:  853
Number of Dropped frames:  117
----------------------------------------

----------------------------------------
Processing recording:  D:\pre-release\data\portable\scissors-053-1
Validation result:  True
Number of Selected frames:  1058
Number of Dropped frames:  118
----------------------------------------

----------------------------------------
Processing recording:  D:\pre-release\data\portable\scissors-054-1
Validation result:  True
Number of Selected frames:  1155
Number of Dropped frames:  120
----------------------------------------

----------------------------------------
Processing recording:  D:\pre-release\data\portable\stapler-013-1
Validation result:  True
Number of Selected frames:  1065
Number of Dropped frames:  131
----------------------------------------

----------------------------------------
Processing recording:  D:\pre-release\data\portable\stapler-034-2
Validation result:  True
Number of Selected frames:  1215
Number of Dropped frames:  102
----------------------------------------

----------------------------------------
Processing recording:  D:\pre-release\data\portable\stapler-035-1
Validation result:  True
Number of Selected frames:  1192
Number of Dropped frames:  122
----------------------------------------

----------------------------------------
Processing recording:  D:\pre-release\data\portable\stapler-055-1
Validation result:  True
Number of Selected frames:  1132
Number of Dropped frames:  127
----------------------------------------

----------------------------------------
Processing recording:  D:\pre-release\data\portable\stapler-056-1
Validation result:  True
Number of Selected frames:  1059
Number of Dropped frames:  135
----------------------------------------

