[01:00:07] Finished D:\pre-release\data\immobile\bottle-014-1                                                                                                                 run_norfair_tracking.py:121
[01:00:49] Finished D:\pre-release\data\immobile\bottle-015-1                                                                                                                 run_norfair_tracking.py:121
[01:01:19] Finished D:\pre-release\data\immobile\bottle-017-1                                                                                                                 run_norfair_tracking.py:121
[01:01:45] Finished D:\pre-release\data\immobile\bottle-018-1                                                                                                                 run_norfair_tracking.py:121
[01:02:16] Finished D:\pre-release\data\immobile\bottle-023-1                                                                                                                 run_norfair_tracking.py:121
[01:02:45] Finished D:\pre-release\data\immobile\bottle-028-1                                                                                                                 run_norfair_tracking.py:121
[01:03:06] Finished D:\pre-release\data\immobile\bottle-031-2                                                                                                                 run_norfair_tracking.py:121
[01:03:44] Finished D:\pre-release\data\immobile\box-005-1                                                                                                                    run_norfair_tracking.py:121
[01:04:14] Finished D:\pre-release\data\immobile\box-026-1                                                                                                                    run_norfair_tracking.py:121
[01:04:36] Finished D:\pre-release\data\immobile\box-027-1                                                                                                                    run_norfair_tracking.py:121
[01:04:58] Finished D:\pre-release\data\immobile\box-033-3                                                                                                                    run_norfair_tracking.py:121
[01:05:21] Finished D:\pre-release\data\immobile\bucket-004-1                                                                                                                 run_norfair_tracking.py:121
[01:05:46] Finished D:\pre-release\data\immobile\bucket-019-2                                                                                                                 run_norfair_tracking.py:121
[01:06:14] Finished D:\pre-release\data\immobile\bucket-021-1                                                                                                                 run_norfair_tracking.py:121
[01:06:35] Finished D:\pre-release\data\immobile\bucket-022-3                                                                                                                 run_norfair_tracking.py:121
[01:06:46] Finished D:\pre-release\data\immobile\bucket-057-1                                                                                                                 run_norfair_tracking.py:121
[01:07:04] Finished D:\pre-release\data\immobile\clip-009-1                                                                                                                   run_norfair_tracking.py:121
[01:07:29] Finished D:\pre-release\data\immobile\clip-029-1                                                                                                                   run_norfair_tracking.py:121
[01:07:49] Finished D:\pre-release\data\immobile\clip-032-1                                                                                                                   run_norfair_tracking.py:121
[01:08:13] Finished D:\pre-release\data\immobile\clip-036-1                                                                                                                   run_norfair_tracking.py:121
[01:08:38] Finished D:\pre-release\data\immobile\clip-042-1                                                                                                                   run_norfair_tracking.py:121
[01:08:57] Finished D:\pre-release\data\immobile\cup-007-2                                                                                                                    run_norfair_tracking.py:121
[01:09:22] Finished D:\pre-release\data\immobile\cup-030-1                                                                                                                    run_norfair_tracking.py:121
[01:09:49] Finished D:\pre-release\data\immobile\cup-044-2                                                                                                                    run_norfair_tracking.py:121
[01:10:13] Finished D:\pre-release\data\immobile\cup-045-1                                                                                                                    run_norfair_tracking.py:121
[01:10:42] Finished D:\pre-release\data\immobile\drawer-001-2                                                                                                                 run_norfair_tracking.py:121
[01:11:22] Finished D:\pre-release\data\immobile\drawer-003-4                                                                                                                 run_norfair_tracking.py:121
[01:11:45] Finished D:\pre-release\data\immobile\drawer-006-1                                                                                                                 run_norfair_tracking.py:121
[01:12:12] Finished D:\pre-release\data\immobile\drawer-010-2                                                                                                                 run_norfair_tracking.py:121
[01:12:35] Finished D:\pre-release\data\immobile\drawer-020-1                                                                                                                 run_norfair_tracking.py:121
[01:12:53] Finished D:\pre-release\data\immobile\eyeglasses-039-3                                                                                                             run_norfair_tracking.py:121
[01:13:19] Finished D:\pre-release\data\immobile\eyeglasses-040-1                                                                                                             run_norfair_tracking.py:121
[01:13:43] Finished D:\pre-release\data\immobile\eyeglasses-049-1                                                                                                             run_norfair_tracking.py:121
[01:14:11] Finished D:\pre-release\data\immobile\eyeglasses-050-2                                                                                                             run_norfair_tracking.py:121
[01:14:29] Finished D:\pre-release\data\immobile\eyeglasses-051-1                                                                                                             run_norfair_tracking.py:121
[01:14:54] Finished D:\pre-release\data\immobile\faucet-038-2                                                                                                                 run_norfair_tracking.py:121
[01:15:22] Finished D:\pre-release\data\immobile\faucet-043-2                                                                                                                 run_norfair_tracking.py:121
[01:15:39] Finished D:\pre-release\data\immobile\faucet-046-1                                                                                                                 run_norfair_tracking.py:121
[01:16:04] Finished D:\pre-release\data\immobile\faucet-047-1                                                                                                                 run_norfair_tracking.py:121
[01:16:21] Finished D:\pre-release\data\immobile\faucet-048-2                                                                                                                 run_norfair_tracking.py:121
[01:16:51] Finished D:\pre-release\data\immobile\misc-011-1                                                                                                                   run_norfair_tracking.py:121
[01:17:11] Finished D:\pre-release\data\immobile\misc-016-2                                                                                                                   run_norfair_tracking.py:121
[01:17:35] Finished D:\pre-release\data\immobile\misc-025-2                                                                                                                   run_norfair_tracking.py:121
[01:17:53] Finished D:\pre-release\data\immobile\scissors-037-6                                                                                                               run_norfair_tracking.py:121
[01:18:10] Finished D:\pre-release\data\immobile\scissors-052-1                                                                                                               run_norfair_tracking.py:121
[01:18:28] Finished D:\pre-release\data\immobile\scissors-053-1                                                                                                               run_norfair_tracking.py:121
[01:18:50] Finished D:\pre-release\data\immobile\scissors-054-2                                                                                                               run_norfair_tracking.py:121
[01:19:09] Finished D:\pre-release\data\immobile\stapler-013-1                                                                                                                run_norfair_tracking.py:121
[01:19:27] Finished D:\pre-release\data\immobile\stapler-034-1                                                                                                                run_norfair_tracking.py:121
[01:19:46] Finished D:\pre-release\data\immobile\stapler-035-1                                                                                                                run_norfair_tracking.py:121
[01:19:58] Finished D:\pre-release\data\immobile\stapler-055-1                                                                                                                run_norfair_tracking.py:121
[01:20:17] Finished D:\pre-release\data\immobile\stapler-056-1                                                                                                                run_norfair_tracking.py:121
[01:20:49] Finished D:\pre-release\data\portable\bottle-014-1                                                                                                                 run_norfair_tracking.py:121
[01:21:40] Finished D:\pre-release\data\portable\bottle-015-2                                                                                                                 run_norfair_tracking.py:121
[01:22:12] Finished D:\pre-release\data\portable\bottle-017-1                                                                                                                 run_norfair_tracking.py:121
[01:22:34] Finished D:\pre-release\data\portable\bottle-018-1                                                                                                                 run_norfair_tracking.py:121
[01:23:05] Finished D:\pre-release\data\portable\bottle-023-1                                                                                                                 run_norfair_tracking.py:121
[01:23:35] Finished D:\pre-release\data\portable\bottle-028-1                                                                                                                 run_norfair_tracking.py:121
[01:23:57] Finished D:\pre-release\data\portable\bottle-031-1                                                                                                                 run_norfair_tracking.py:121
[01:24:21] Finished D:\pre-release\data\portable\box-005-3                                                                                                                    run_norfair_tracking.py:121
[01:24:47] Finished D:\pre-release\data\portable\box-026-1                                                                                                                    run_norfair_tracking.py:121
[01:25:20] Finished D:\pre-release\data\portable\box-027-3                                                                                                                    run_norfair_tracking.py:121
[01:25:49] Finished D:\pre-release\data\portable\box-033-1                                                                                                                    run_norfair_tracking.py:121
[01:26:12] Finished D:\pre-release\data\portable\bucket-004-2                                                                                                                 run_norfair_tracking.py:121
[01:26:48] Finished D:\pre-release\data\portable\bucket-019-1                                                                                                                 run_norfair_tracking.py:121
[01:27:16] Finished D:\pre-release\data\portable\bucket-021-1                                                                                                                 run_norfair_tracking.py:121
[01:27:49] Finished D:\pre-release\data\portable\bucket-022-1                                                                                                                 run_norfair_tracking.py:121
[01:28:15] Finished D:\pre-release\data\portable\bucket-057-1                                                                                                                 run_norfair_tracking.py:121
[01:28:39] Finished D:\pre-release\data\portable\clip-009-1                                                                                                                   run_norfair_tracking.py:121
[01:29:04] Finished D:\pre-release\data\portable\clip-029-1                                                                                                                   run_norfair_tracking.py:121
[01:29:34] Finished D:\pre-release\data\portable\clip-032-2                                                                                                                   run_norfair_tracking.py:121
[01:30:02] Finished D:\pre-release\data\portable\clip-036-1                                                                                                                   run_norfair_tracking.py:121
[01:30:31] Finished D:\pre-release\data\portable\clip-042-1                                                                                                                   run_norfair_tracking.py:121
[01:30:59] Finished D:\pre-release\data\portable\cup-007-1                                                                                                                    run_norfair_tracking.py:121
[01:31:26] Finished D:\pre-release\data\portable\cup-030-2                                                                                                                    run_norfair_tracking.py:121
[01:32:00] Finished D:\pre-release\data\portable\cup-044-1                                                                                                                    run_norfair_tracking.py:121
[01:32:25] Finished D:\pre-release\data\portable\cup-045-1                                                                                                                    run_norfair_tracking.py:121
[01:33:12] Finished D:\pre-release\data\portable\drawer-001-1                                                                                                                 run_norfair_tracking.py:121
[01:33:48] Finished D:\pre-release\data\portable\drawer-003-2                                                                                                                 run_norfair_tracking.py:121
[01:34:13] Finished D:\pre-release\data\portable\drawer-006-1                                                                                                                 run_norfair_tracking.py:121
[01:34:58] Finished D:\pre-release\data\portable\drawer-010-1                                                                                                                 run_norfair_tracking.py:121
[01:35:25] Finished D:\pre-release\data\portable\drawer-020-1                                                                                                                 run_norfair_tracking.py:121
[01:35:54] Finished D:\pre-release\data\portable\eyeglasses-039-1                                                                                                             run_norfair_tracking.py:121
[01:36:30] Finished D:\pre-release\data\portable\eyeglasses-040-1                                                                                                             run_norfair_tracking.py:121
[01:37:06] Finished D:\pre-release\data\portable\eyeglasses-049-1                                                                                                             run_norfair_tracking.py:121
[01:37:35] Finished D:\pre-release\data\portable\eyeglasses-050-3                                                                                                             run_norfair_tracking.py:121
[01:38:05] Finished D:\pre-release\data\portable\eyeglasses-051-2                                                                                                             run_norfair_tracking.py:121
[01:38:32] Finished D:\pre-release\data\portable\faucet-038-1                                                                                                                 run_norfair_tracking.py:121
[01:39:17] Finished D:\pre-release\data\portable\faucet-043-1                                                                                                                 run_norfair_tracking.py:121
[01:39:43] Finished D:\pre-release\data\portable\faucet-046-1                                                                                                                 run_norfair_tracking.py:121
[01:40:09] Finished D:\pre-release\data\portable\faucet-047-1                                                                                                                 run_norfair_tracking.py:121
[01:40:30] Finished D:\pre-release\data\portable\faucet-048-1                                                                                                                 run_norfair_tracking.py:121
[01:41:04] Finished D:\pre-release\data\portable\misc-011-1                                                                                                                   run_norfair_tracking.py:121
[01:41:30] Finished D:\pre-release\data\portable\misc-016-1                                                                                                                   run_norfair_tracking.py:121
[01:42:18] Finished D:\pre-release\data\portable\misc-025-1                                                                                                                   run_norfair_tracking.py:121
[01:42:44] Finished D:\pre-release\data\portable\scissors-037-1                                                                                                               run_norfair_tracking.py:121
[01:43:06] Finished D:\pre-release\data\portable\scissors-052-1                                                                                                               run_norfair_tracking.py:121
[01:43:34] Finished D:\pre-release\data\portable\scissors-053-1                                                                                                               run_norfair_tracking.py:121
[01:44:03] Finished D:\pre-release\data\portable\scissors-054-1                                                                                                               run_norfair_tracking.py:121
[01:44:31] Finished D:\pre-release\data\portable\stapler-013-1                                                                                                                run_norfair_tracking.py:121
[01:45:02] Finished D:\pre-release\data\portable\stapler-034-2                                                                                                                run_norfair_tracking.py:121
[01:45:29] Finished D:\pre-release\data\portable\stapler-035-1                                                                                                                run_norfair_tracking.py:121
[01:45:55] Finished D:\pre-release\data\portable\stapler-055-1                                                                                                                run_norfair_tracking.py:121
[01:46:19] Finished D:\pre-release\data\portable\stapler-056-1                                                                                                                run_norfair_tracking.py:121
