----------------------------------------
Processing recording:  D:\pre-release\data\immobile\bottle-014-1
Validation result:  True
Number of Selected frames:  1498
Number of Dropped frames:  9
----------------------------------------

----------------------------------------
Processing recording:  D:\pre-release\data\immobile\bottle-015-1
Validation result:  True
Number of Selected frames:  2132
Number of Dropped frames:  11
----------------------------------------

----------------------------------------
Processing recording:  D:\pre-release\data\immobile\bottle-017-1
Validation result:  True
Number of Selected frames:  1433
Number of Dropped frames:  10
----------------------------------------

----------------------------------------
Processing recording:  D:\pre-release\data\immobile\bottle-018-1
Validation result:  True
Number of Selected frames:  1268
Number of Dropped frames:  8
----------------------------------------

----------------------------------------
Processing recording:  D:\pre-release\data\immobile\bottle-023-1
Validation result:  True
Number of Selected frames:  1434
Number of Dropped frames:  10
----------------------------------------

----------------------------------------
Processing recording:  D:\pre-release\data\immobile\bottle-028-1
Validation result:  True
Number of Selected frames:  1390
Number of Dropped frames:  9
----------------------------------------

----------------------------------------
Processing recording:  D:\pre-release\data\immobile\bottle-031-2
Validation result:  True
Number of Selected frames:  1084
Number of Dropped frames:  10
----------------------------------------

----------------------------------------
Processing recording:  D:\pre-release\data\immobile\box-005-1
Validation result:  True
Number of Selected frames:  1931
Number of Dropped frames:  9
----------------------------------------

----------------------------------------
Processing recording:  D:\pre-release\data\immobile\box-026-1
Validation result:  True
Number of Selected frames:  1383
Number of Dropped frames:  9
----------------------------------------

----------------------------------------
Processing recording:  D:\pre-release\data\immobile\box-027-1
Validation result:  True
Number of Selected frames:  1068
Number of Dropped frames:  8
----------------------------------------

----------------------------------------
Processing recording:  D:\pre-release\data\immobile\box-033-3
Validation result:  True
Number of Selected frames:  1045
Number of Dropped frames:  11
----------------------------------------

----------------------------------------
Processing recording:  D:\pre-release\data\immobile\bucket-004-1
Validation result:  True
Number of Selected frames:  1156
Number of Dropped frames:  10
----------------------------------------

----------------------------------------
Processing recording:  D:\pre-release\data\immobile\bucket-019-2
Validation result:  True
Number of Selected frames:  1264
Number of Dropped frames:  9
----------------------------------------

----------------------------------------
Processing recording:  D:\pre-release\data\immobile\bucket-021-1
Validation result:  True
Number of Selected frames:  1504
Number of Dropped frames:  9
----------------------------------------

----------------------------------------
Processing recording:  D:\pre-release\data\immobile\bucket-022-3
Validation result:  True
Number of Selected frames:  1099
Number of Dropped frames:  9
----------------------------------------

----------------------------------------
Processing recording:  D:\pre-release\data\immobile\bucket-057-1
Validation result:  True
Number of Selected frames:  666
Number of Dropped frames:  0
----------------------------------------

----------------------------------------
Processing recording:  D:\pre-release\data\immobile\clip-009-1
Validation result:  True
Number of Selected frames:  1014
Number of Dropped frames:  9
----------------------------------------

----------------------------------------
Processing recording:  D:\pre-release\data\immobile\clip-029-1
Validation result:  True
Number of Selected frames:  1421
Number of Dropped frames:  8
----------------------------------------

----------------------------------------
Processing recording:  D:\pre-release\data\immobile\clip-032-1
Validation result:  True
Number of Selected frames:  1150
Number of Dropped frames:  9
----------------------------------------

----------------------------------------
Processing recording:  D:\pre-release\data\immobile\clip-036-1
Validation result:  True
Number of Selected frames:  1268
Number of Dropped frames:  11
----------------------------------------

----------------------------------------
Processing recording:  D:\pre-release\data\immobile\clip-042-1
Validation result:  True
Number of Selected frames:  1272
Number of Dropped frames:  9
----------------------------------------

----------------------------------------
Processing recording:  D:\pre-release\data\immobile\cup-007-2
Validation result:  True
Number of Selected frames:  1077
Number of Dropped frames:  0
----------------------------------------

----------------------------------------
Processing recording:  D:\pre-release\data\immobile\cup-030-1
Validation result:  True
Number of Selected frames:  1272
Number of Dropped frames:  10
----------------------------------------

----------------------------------------
Processing recording:  D:\pre-release\data\immobile\cup-044-2
Validation result:  True
Number of Selected frames:  1466
Number of Dropped frames:  10
----------------------------------------

----------------------------------------
Processing recording:  D:\pre-release\data\immobile\cup-045-1
Validation result:  True
Number of Selected frames:  1310
Number of Dropped frames:  9
----------------------------------------

----------------------------------------
Processing recording:  D:\pre-release\data\immobile\drawer-001-2
Validation result:  True
Number of Selected frames:  1562
Number of Dropped frames:  9
----------------------------------------

----------------------------------------
Processing recording:  D:\pre-release\data\immobile\drawer-003-4
Validation result:  True
Number of Selected frames:  2191
Number of Dropped frames:  9
----------------------------------------

----------------------------------------
Processing recording:  D:\pre-release\data\immobile\drawer-006-1
Validation result:  True
Number of Selected frames:  1288
Number of Dropped frames:  9
----------------------------------------

----------------------------------------
Processing recording:  D:\pre-release\data\immobile\drawer-010-2
Validation result:  True
Number of Selected frames:  1420
Number of Dropped frames:  9
----------------------------------------

----------------------------------------
Processing recording:  D:\pre-release\data\immobile\drawer-020-1
Validation result:  True
Number of Selected frames:  1274
Number of Dropped frames:  11
----------------------------------------

----------------------------------------
Processing recording:  D:\pre-release\data\immobile\eyeglasses-039-3
Validation result:  True
Number of Selected frames:  999
Number of Dropped frames:  8
----------------------------------------

----------------------------------------
Processing recording:  D:\pre-release\data\immobile\eyeglasses-040-1
Validation result:  True
Number of Selected frames:  1419
Number of Dropped frames:  9
----------------------------------------

----------------------------------------
Processing recording:  D:\pre-release\data\immobile\eyeglasses-049-1
Validation result:  True
Number of Selected frames:  1310
Number of Dropped frames:  10
----------------------------------------

----------------------------------------
Processing recording:  D:\pre-release\data\immobile\eyeglasses-050-2
Validation result:  True
Number of Selected frames:  1548
Number of Dropped frames:  9
----------------------------------------

----------------------------------------
Processing recording:  D:\pre-release\data\immobile\eyeglasses-051-1
Validation result:  True
Number of Selected frames:  1033
Number of Dropped frames:  9
----------------------------------------

----------------------------------------
Processing recording:  D:\pre-release\data\immobile\faucet-038-2
Validation result:  True
Number of Selected frames:  1414
Number of Dropped frames:  8
----------------------------------------

----------------------------------------
Processing recording:  D:\pre-release\data\immobile\faucet-043-2
Validation result:  True
Number of Selected frames:  1559
Number of Dropped frames:  10
----------------------------------------

----------------------------------------
Processing recording:  D:\pre-release\data\immobile\faucet-046-1
Validation result:  True
Number of Selected frames:  932
Number of Dropped frames:  10
----------------------------------------

----------------------------------------
Processing recording:  D:\pre-release\data\immobile\faucet-047-1
Validation result:  True
Number of Selected frames:  1412
Number of Dropped frames:  10
----------------------------------------

----------------------------------------
Processing recording:  D:\pre-release\data\immobile\faucet-048-2
Validation result:  True
Number of Selected frames:  1003
Number of Dropped frames:  10
----------------------------------------

----------------------------------------
Processing recording:  D:\pre-release\data\immobile\misc-011-1
Validation result:  True
Number of Selected frames:  1646
Number of Dropped frames:  7
----------------------------------------

----------------------------------------
Processing recording:  D:\pre-release\data\immobile\misc-016-2
Validation result:  True
Number of Selected frames:  1058
Number of Dropped frames:  10
----------------------------------------

----------------------------------------
Processing recording:  D:\pre-release\data\immobile\misc-025-2
Validation result:  True
Number of Selected frames:  1316
Number of Dropped frames:  10
----------------------------------------

----------------------------------------
Processing recording:  D:\pre-release\data\immobile\scissors-037-6
Validation result:  True
Number of Selected frames:  1004
Number of Dropped frames:  9
----------------------------------------

----------------------------------------
Processing recording:  D:\pre-release\data\immobile\scissors-052-1
Validation result:  True
Number of Selected frames:  924
Number of Dropped frames:  9
----------------------------------------

----------------------------------------
Processing recording:  D:\pre-release\data\immobile\scissors-053-1
Validation result:  True
Number of Selected frames:  930
Number of Dropped frames:  11
----------------------------------------

----------------------------------------
Processing recording:  D:\pre-release\data\immobile\scissors-054-2
Validation result:  True
Number of Selected frames:  1100
Number of Dropped frames:  0
----------------------------------------

----------------------------------------
Processing recording:  D:\pre-release\data\immobile\stapler-013-1
Validation result:  True
Number of Selected frames:  1054
Number of Dropped frames:  9
----------------------------------------

----------------------------------------
Processing recording:  D:\pre-release\data\immobile\stapler-034-1
Validation result:  True
Number of Selected frames:  959
Number of Dropped frames:  9
----------------------------------------

----------------------------------------
Processing recording:  D:\pre-release\data\immobile\stapler-035-1
Validation result:  True
Number of Selected frames:  1005
Number of Dropped frames:  9
----------------------------------------

----------------------------------------
Processing recording:  D:\pre-release\data\immobile\stapler-055-1
Validation result:  True
Number of Selected frames:  653
Number of Dropped frames:  0
----------------------------------------

----------------------------------------
Processing recording:  D:\pre-release\data\immobile\stapler-056-1
Validation result:  True
Number of Selected frames:  1033
Number of Dropped frames:  10
----------------------------------------

----------------------------------------
Processing recording:  D:\pre-release\data\portable\bottle-014-1
Validation result:  True
Number of Selected frames:  1360
Number of Dropped frames:  9
----------------------------------------

----------------------------------------
Processing recording:  D:\pre-release\data\portable\bottle-015-2
Validation result:  True
Number of Selected frames:  2314
Number of Dropped frames:  10
----------------------------------------

----------------------------------------
Processing recording:  D:\pre-release\data\portable\bottle-017-1
Validation result:  True
Number of Selected frames:  1366
Number of Dropped frames:  8
----------------------------------------

----------------------------------------
Processing recording:  D:\pre-release\data\portable\bottle-018-1
Validation result:  True
Number of Selected frames:  925
Number of Dropped frames:  10
----------------------------------------

----------------------------------------
Processing recording:  D:\pre-release\data\portable\bottle-023-1
Validation result:  True
Number of Selected frames:  1364
Number of Dropped frames:  8
----------------------------------------

----------------------------------------
Processing recording:  D:\pre-release\data\portable\bottle-028-1
Validation result:  True
Number of Selected frames:  1241
Number of Dropped frames:  7
----------------------------------------

----------------------------------------
Processing recording:  D:\pre-release\data\portable\bottle-031-1
Validation result:  True
Number of Selected frames:  952
Number of Dropped frames:  8
----------------------------------------

----------------------------------------
Processing recording:  D:\pre-release\data\portable\box-005-3
Validation result:  True
Number of Selected frames:  1034
Number of Dropped frames:  9
----------------------------------------

----------------------------------------
Processing recording:  D:\pre-release\data\portable\box-026-1
Validation result:  True
Number of Selected frames:  1137
Number of Dropped frames:  8
----------------------------------------

----------------------------------------
Processing recording:  D:\pre-release\data\portable\box-027-3
Validation result:  True
Number of Selected frames:  1384
Number of Dropped frames:  8
----------------------------------------

----------------------------------------
Processing recording:  D:\pre-release\data\portable\box-033-1
Validation result:  True
Number of Selected frames:  1288
Number of Dropped frames:  9
----------------------------------------

----------------------------------------
Processing recording:  D:\pre-release\data\portable\bucket-004-2
Validation result:  True
Number of Selected frames:  1016
Number of Dropped frames:  9
----------------------------------------

----------------------------------------
Processing recording:  D:\pre-release\data\portable\bucket-019-1
Validation result:  True
Number of Selected frames:  1561
Number of Dropped frames:  9
----------------------------------------

----------------------------------------
Processing recording:  D:\pre-release\data\portable\bucket-021-1
Validation result:  True
Number of Selected frames:  1152
Number of Dropped frames:  10
----------------------------------------

----------------------------------------
Processing recording:  D:\pre-release\data\portable\bucket-022-1
Validation result:  True
Number of Selected frames:  1398
Number of Dropped frames:  8
----------------------------------------

----------------------------------------
Processing recording:  D:\pre-release\data\portable\bucket-057-1
Validation result:  True
Number of Selected frames:  1078
Number of Dropped frames:  9
----------------------------------------

----------------------------------------
Processing recording:  D:\pre-release\data\portable\clip-009-1
Validation result:  True
Number of Selected frames:  1081
Number of Dropped frames:  8
----------------------------------------

----------------------------------------
Processing recording:  D:\pre-release\data\portable\clip-029-1
Validation result:  True
Number of Selected frames:  1168
Number of Dropped frames:  11
----------------------------------------

----------------------------------------
Processing recording:  D:\pre-release\data\portable\clip-032-2
Validation result:  True
Number of Selected frames:  1361
Number of Dropped frames:  11
----------------------------------------

----------------------------------------
Processing recording:  D:\pre-release\data\portable\clip-036-1
Validation result:  True
Number of Selected frames:  1232
Number of Dropped frames:  8
----------------------------------------

----------------------------------------
Processing recording:  D:\pre-release\data\portable\clip-042-1
Validation result:  True
Number of Selected frames:  1271
Number of Dropped frames:  10
----------------------------------------

----------------------------------------
Processing recording:  D:\pre-release\data\portable\cup-007-1
Validation result:  True
Number of Selected frames:  1270
Number of Dropped frames:  10
----------------------------------------

----------------------------------------
Processing recording:  D:\pre-release\data\portable\cup-030-2
Validation result:  True
Number of Selected frames:  1173
Number of Dropped frames:  9
----------------------------------------

----------------------------------------
Processing recording:  D:\pre-release\data\portable\cup-044-1
Validation result:  True
Number of Selected frames:  1520
Number of Dropped frames:  0
----------------------------------------

----------------------------------------
Processing recording:  D:\pre-release\data\portable\cup-045-1
Validation result:  True
Number of Selected frames:  1076
Number of Dropped frames:  10
----------------------------------------

----------------------------------------
Processing recording:  D:\pre-release\data\portable\drawer-001-1
Validation result:  True
Number of Selected frames:  2075
Number of Dropped frames:  9
----------------------------------------

----------------------------------------
Processing recording:  D:\pre-release\data\portable\drawer-003-2
Validation result:  True
Number of Selected frames:  1685
Number of Dropped frames:  9
----------------------------------------

----------------------------------------
Processing recording:  D:\pre-release\data\portable\drawer-006-1
Validation result:  True
Number of Selected frames:  1059
Number of Dropped frames:  10
----------------------------------------

----------------------------------------
Processing recording:  D:\pre-release\data\portable\drawer-010-1
Validation result:  True
Number of Selected frames:  1870
Number of Dropped frames:  9
----------------------------------------

----------------------------------------
Processing recording:  D:\pre-release\data\portable\drawer-020-1
Validation result:  True
Number of Selected frames:  1132
Number of Dropped frames:  9
----------------------------------------

----------------------------------------
Processing recording:  D:\pre-release\data\portable\eyeglasses-039-1
Validation result:  True
Number of Selected frames:  1267
Number of Dropped frames:  9
----------------------------------------

----------------------------------------
Processing recording:  D:\pre-release\data\portable\eyeglasses-040-1
Validation result:  True
Number of Selected frames:  1513
Number of Dropped frames:  9
----------------------------------------

----------------------------------------
Processing recording:  D:\pre-release\data\portable\eyeglasses-049-1
Validation result:  True
Number of Selected frames:  1531
Number of Dropped frames:  9
----------------------------------------

----------------------------------------
Processing recording:  D:\pre-release\data\portable\eyeglasses-050-3
Validation result:  True
Number of Selected frames:  1290
Number of Dropped frames:  7
----------------------------------------

----------------------------------------
Processing recording:  D:\pre-release\data\portable\eyeglasses-051-2
Validation result:  True
Number of Selected frames:  1292
Number of Dropped frames:  9
----------------------------------------

----------------------------------------
Processing recording:  D:\pre-release\data\portable\faucet-038-1
Validation result:  True
Number of Selected frames:  1178
Number of Dropped frames:  11
----------------------------------------

----------------------------------------
Processing recording:  D:\pre-release\data\portable\faucet-043-1
Validation result:  True
Number of Selected frames:  1954
Number of Dropped frames:  10
----------------------------------------

----------------------------------------
Processing recording:  D:\pre-release\data\portable\faucet-046-1
Validation result:  True
Number of Selected frames:  1175
Number of Dropped frames:  10
----------------------------------------

----------------------------------------
Processing recording:  D:\pre-release\data\portable\faucet-047-1
Validation result:  True
Number of Selected frames:  1133
Number of Dropped frames:  10
----------------------------------------

----------------------------------------
Processing recording:  D:\pre-release\data\portable\faucet-048-1
Validation result:  True
Number of Selected frames:  963
Number of Dropped frames:  9
----------------------------------------

----------------------------------------
Processing recording:  D:\pre-release\data\portable\misc-011-1
Validation result:  True
Number of Selected frames:  1508
Number of Dropped frames:  11
----------------------------------------

----------------------------------------
Processing recording:  D:\pre-release\data\portable\misc-016-1
Validation result:  True
Number of Selected frames:  1114
Number of Dropped frames:  10
----------------------------------------

----------------------------------------
Processing recording:  D:\pre-release\data\portable\misc-025-1
Validation result:  True
Number of Selected frames:  2049
Number of Dropped frames:  9
----------------------------------------

----------------------------------------
Processing recording:  D:\pre-release\data\portable\scissors-037-1
Validation result:  True
Number of Selected frames:  1134
Number of Dropped frames:  8
----------------------------------------

----------------------------------------
Processing recording:  D:\pre-release\data\portable\scissors-052-1
Validation result:  True
Number of Selected frames:  970
Number of Dropped frames:  8
----------------------------------------

----------------------------------------
Processing recording:  D:\pre-release\data\portable\scissors-053-1
Validation result:  True
Number of Selected frames:  1176
Number of Dropped frames:  8
----------------------------------------

----------------------------------------
Processing recording:  D:\pre-release\data\portable\scissors-054-1
Validation result:  True
Number of Selected frames:  1269
Number of Dropped frames:  10
----------------------------------------

----------------------------------------
Processing recording:  D:\pre-release\data\portable\stapler-013-1
Validation result:  True
Number of Selected frames:  1194
Number of Dropped frames:  7
----------------------------------------

----------------------------------------
Processing recording:  D:\pre-release\data\portable\stapler-034-2
Validation result:  True
Number of Selected frames:  1314
Number of Dropped frames:  9
----------------------------------------

----------------------------------------
Processing recording:  D:\pre-release\data\portable\stapler-035-1
Validation result:  True
Number of Selected frames:  1314
Number of Dropped frames:  10
----------------------------------------

----------------------------------------
Processing recording:  D:\pre-release\data\portable\stapler-055-1
Validation result:  True
Number of Selected frames:  1253
Number of Dropped frames:  10
----------------------------------------

----------------------------------------
Processing recording:  D:\pre-release\data\portable\stapler-056-1
Validation result:  True
Number of Selected frames:  1194
Number of Dropped frames:  10
----------------------------------------

