[17:46:23] Finished D:\pre-release\data\immobile\bottle-014-1                                                                                                              run_norfair_tracking.py:122
[17:46:57] Finished D:\pre-release\data\immobile\bottle-015-1                                                                                                              run_norfair_tracking.py:122
[17:47:20] Finished D:\pre-release\data\immobile\bottle-017-1                                                                                                              run_norfair_tracking.py:122
[17:47:40] Finished D:\pre-release\data\immobile\bottle-018-1                                                                                                              run_norfair_tracking.py:122
[17:48:03] Finished D:\pre-release\data\immobile\bottle-023-1                                                                                                              run_norfair_tracking.py:122
[17:48:25] Finished D:\pre-release\data\immobile\bottle-028-1                                                                                                              run_norfair_tracking.py:122
[17:48:41] Finished D:\pre-release\data\immobile\bottle-031-2                                                                                                              run_norfair_tracking.py:122
[17:49:12] Finished D:\pre-release\data\immobile\box-005-1                                                                                                                 run_norfair_tracking.py:122
[17:49:34] Finished D:\pre-release\data\immobile\box-026-1                                                                                                                 run_norfair_tracking.py:122
[17:49:49] Finished D:\pre-release\data\immobile\box-027-1                                                                                                                 run_norfair_tracking.py:122
[17:50:05] Finished D:\pre-release\data\immobile\box-033-3                                                                                                                 run_norfair_tracking.py:122
[17:50:23] Finished D:\pre-release\data\immobile\bucket-004-1                                                                                                              run_norfair_tracking.py:122
[17:50:43] Finished D:\pre-release\data\immobile\bucket-019-2                                                                                                              run_norfair_tracking.py:122
[17:51:06] Finished D:\pre-release\data\immobile\bucket-021-1                                                                                                              run_norfair_tracking.py:122
[17:51:23] Finished D:\pre-release\data\immobile\bucket-022-3                                                                                                              run_norfair_tracking.py:122
[17:51:32] Finished D:\pre-release\data\immobile\bucket-057-1                                                                                                              run_norfair_tracking.py:122
[17:51:47] Finished D:\pre-release\data\immobile\clip-009-1                                                                                                                run_norfair_tracking.py:122
[17:52:10] Finished D:\pre-release\data\immobile\clip-029-1                                                                                                                run_norfair_tracking.py:122
[17:52:27] Finished D:\pre-release\data\immobile\clip-032-1                                                                                                                run_norfair_tracking.py:122
[17:52:48] Finished D:\pre-release\data\immobile\clip-036-1                                                                                                                run_norfair_tracking.py:122
[17:53:07] Finished D:\pre-release\data\immobile\clip-042-1                                                                                                                run_norfair_tracking.py:122
[17:53:23] Finished D:\pre-release\data\immobile\cup-007-2                                                                                                                 run_norfair_tracking.py:122
[17:53:43] Finished D:\pre-release\data\immobile\cup-030-1                                                                                                                 run_norfair_tracking.py:122
[17:54:07] Finished D:\pre-release\data\immobile\cup-044-2                                                                                                                 run_norfair_tracking.py:122
[17:54:27] Finished D:\pre-release\data\immobile\cup-045-1                                                                                                                 run_norfair_tracking.py:122
[17:54:52] Finished D:\pre-release\data\immobile\drawer-001-2                                                                                                              run_norfair_tracking.py:122
[17:55:29] Finished D:\pre-release\data\immobile\drawer-003-4                                                                                                              run_norfair_tracking.py:122
[17:55:49] Finished D:\pre-release\data\immobile\drawer-006-1                                                                                                              run_norfair_tracking.py:122
[17:56:12] Finished D:\pre-release\data\immobile\drawer-010-2                                                                                                              run_norfair_tracking.py:122
[17:56:32] Finished D:\pre-release\data\immobile\drawer-020-1                                                                                                              run_norfair_tracking.py:122
[17:56:47] Finished D:\pre-release\data\immobile\eyeglasses-039-3                                                                                                          run_norfair_tracking.py:122
[17:57:10] Finished D:\pre-release\data\immobile\eyeglasses-040-1                                                                                                          run_norfair_tracking.py:122
           Finished D:\pre-release\data\immobile\eyeglasses-049-2                                                                                                          run_norfair_tracking.py:122
[17:57:34] Finished D:\pre-release\data\immobile\eyeglasses-050-2                                                                                                          run_norfair_tracking.py:122
[17:57:50] Finished D:\pre-release\data\immobile\eyeglasses-051-1                                                                                                          run_norfair_tracking.py:122
[17:58:12] Finished D:\pre-release\data\immobile\faucet-038-2                                                                                                              run_norfair_tracking.py:122
[17:58:38] Finished D:\pre-release\data\immobile\faucet-043-2                                                                                                              run_norfair_tracking.py:122
[17:58:51] Finished D:\pre-release\data\immobile\faucet-046-1                                                                                                              run_norfair_tracking.py:122
[17:59:13] Finished D:\pre-release\data\immobile\faucet-047-1                                                                                                              run_norfair_tracking.py:122
[17:59:28] Finished D:\pre-release\data\immobile\faucet-048-2                                                                                                              run_norfair_tracking.py:122
[17:59:54] Finished D:\pre-release\data\immobile\misc-011-1                                                                                                                run_norfair_tracking.py:122
[18:00:10] Finished D:\pre-release\data\immobile\misc-016-2                                                                                                                run_norfair_tracking.py:122
[18:00:31] Finished D:\pre-release\data\immobile\misc-025-2                                                                                                                run_norfair_tracking.py:122
[18:00:45] Finished D:\pre-release\data\immobile\scissors-037-6                                                                                                            run_norfair_tracking.py:122
[18:00:58] Finished D:\pre-release\data\immobile\scissors-052-1                                                                                                            run_norfair_tracking.py:122
[18:01:12] Finished D:\pre-release\data\immobile\scissors-053-1                                                                                                            run_norfair_tracking.py:122
[18:01:28] Finished D:\pre-release\data\immobile\scissors-054-2                                                                                                            run_norfair_tracking.py:122
[18:01:43] Finished D:\pre-release\data\immobile\stapler-013-1                                                                                                             run_norfair_tracking.py:122
[18:01:57] Finished D:\pre-release\data\immobile\stapler-034-1                                                                                                             run_norfair_tracking.py:122
[18:02:12] Finished D:\pre-release\data\immobile\stapler-035-1                                                                                                             run_norfair_tracking.py:122
[18:02:20] Finished D:\pre-release\data\immobile\stapler-055-1                                                                                                             run_norfair_tracking.py:122
[18:02:35] Finished D:\pre-release\data\immobile\stapler-056-1                                                                                                             run_norfair_tracking.py:122
[18:03:03] Finished D:\pre-release\data\portable\bottle-014-1                                                                                                              run_norfair_tracking.py:122
[18:03:49] Finished D:\pre-release\data\portable\bottle-015-2                                                                                                              run_norfair_tracking.py:122
[18:04:16] Finished D:\pre-release\data\portable\bottle-017-1                                                                                                              run_norfair_tracking.py:122
[18:04:34] Finished D:\pre-release\data\portable\bottle-018-1                                                                                                              run_norfair_tracking.py:122
[18:05:01] Finished D:\pre-release\data\portable\bottle-023-1                                                                                                              run_norfair_tracking.py:122
[18:05:25] Finished D:\pre-release\data\portable\bottle-028-1                                                                                                              run_norfair_tracking.py:122
[18:05:43] Finished D:\pre-release\data\portable\bottle-031-1                                                                                                              run_norfair_tracking.py:122
[18:06:04] Finished D:\pre-release\data\portable\box-005-3                                                                                                                 run_norfair_tracking.py:122
[18:06:26] Finished D:\pre-release\data\portable\box-026-1                                                                                                                 run_norfair_tracking.py:122
[18:06:55] Finished D:\pre-release\data\portable\box-027-3                                                                                                                 run_norfair_tracking.py:122
[18:07:20] Finished D:\pre-release\data\portable\box-033-1                                                                                                                 run_norfair_tracking.py:122
[18:07:40] Finished D:\pre-release\data\portable\bucket-004-2                                                                                                              run_norfair_tracking.py:122
[18:08:12] Finished D:\pre-release\data\portable\bucket-019-1                                                                                                              run_norfair_tracking.py:122
[18:08:35] Finished D:\pre-release\data\portable\bucket-021-1                                                                                                              run_norfair_tracking.py:122
[18:09:04] Finished D:\pre-release\data\portable\bucket-022-1                                                                                                              run_norfair_tracking.py:122
[18:09:26] Finished D:\pre-release\data\portable\bucket-057-1                                                                                                              run_norfair_tracking.py:122
[18:09:47] Finished D:\pre-release\data\portable\clip-009-1                                                                                                                run_norfair_tracking.py:122
[18:10:11] Finished D:\pre-release\data\portable\clip-029-1                                                                                                                run_norfair_tracking.py:122
[18:10:39] Finished D:\pre-release\data\portable\clip-032-2                                                                                                                run_norfair_tracking.py:122
[18:11:05] Finished D:\pre-release\data\portable\clip-036-1                                                                                                                run_norfair_tracking.py:122
[18:11:31] Finished D:\pre-release\data\portable\clip-042-1                                                                                                                run_norfair_tracking.py:122
[18:11:57] Finished D:\pre-release\data\portable\cup-007-1                                                                                                                 run_norfair_tracking.py:122
[18:12:21] Finished D:\pre-release\data\portable\cup-030-2                                                                                                                 run_norfair_tracking.py:122
[18:12:51] Finished D:\pre-release\data\portable\cup-044-1                                                                                                                 run_norfair_tracking.py:122
[18:13:13] Finished D:\pre-release\data\portable\cup-045-1                                                                                                                 run_norfair_tracking.py:122
[18:13:57] Finished D:\pre-release\data\portable\drawer-001-1                                                                                                              run_norfair_tracking.py:122
[18:14:31] Finished D:\pre-release\data\portable\drawer-003-2                                                                                                              run_norfair_tracking.py:122
[18:14:52] Finished D:\pre-release\data\portable\drawer-006-1                                                                                                              run_norfair_tracking.py:122
[18:15:32] Finished D:\pre-release\data\portable\drawer-010-1                                                                                                              run_norfair_tracking.py:122
[18:15:55] Finished D:\pre-release\data\portable\drawer-020-1                                                                                                              run_norfair_tracking.py:122
[18:16:21] Finished D:\pre-release\data\portable\eyeglasses-039-1                                                                                                          run_norfair_tracking.py:122
[18:16:53] Finished D:\pre-release\data\portable\eyeglasses-040-1                                                                                                          run_norfair_tracking.py:122
[18:17:24] Finished D:\pre-release\data\portable\eyeglasses-049-1                                                                                                          run_norfair_tracking.py:122
[18:17:50] Finished D:\pre-release\data\portable\eyeglasses-050-3                                                                                                          run_norfair_tracking.py:122
[18:18:16] Finished D:\pre-release\data\portable\eyeglasses-051-2                                                                                                          run_norfair_tracking.py:122
[18:18:40] Finished D:\pre-release\data\portable\faucet-038-1                                                                                                              run_norfair_tracking.py:122
[18:19:20] Finished D:\pre-release\data\portable\faucet-043-1                                                                                                              run_norfair_tracking.py:122
[18:19:44] Finished D:\pre-release\data\portable\faucet-046-1                                                                                                              run_norfair_tracking.py:122
[18:20:05] Finished D:\pre-release\data\portable\faucet-047-1                                                                                                              run_norfair_tracking.py:122
[18:20:24] Finished D:\pre-release\data\portable\faucet-048-1                                                                                                              run_norfair_tracking.py:122
[18:20:53] Finished D:\pre-release\data\portable\misc-011-1                                                                                                                run_norfair_tracking.py:122
[18:21:16] Finished D:\pre-release\data\portable\misc-016-1                                                                                                                run_norfair_tracking.py:122
[18:21:59] Finished D:\pre-release\data\portable\misc-025-1                                                                                                                run_norfair_tracking.py:122
[18:22:22] Finished D:\pre-release\data\portable\scissors-037-1                                                                                                            run_norfair_tracking.py:122
[18:22:41] Finished D:\pre-release\data\portable\scissors-052-1                                                                                                            run_norfair_tracking.py:122
[18:23:05] Finished D:\pre-release\data\portable\scissors-053-1                                                                                                            run_norfair_tracking.py:122
[18:23:31] Finished D:\pre-release\data\portable\scissors-054-1                                                                                                            run_norfair_tracking.py:122
[18:23:55] Finished D:\pre-release\data\portable\stapler-013-1                                                                                                             run_norfair_tracking.py:122
[18:24:22] Finished D:\pre-release\data\portable\stapler-034-2                                                                                                             run_norfair_tracking.py:122
[18:24:49] Finished D:\pre-release\data\portable\stapler-035-1                                                                                                             run_norfair_tracking.py:122
[18:25:14] Finished D:\pre-release\data\portable\stapler-055-1                                                                                                             run_norfair_tracking.py:122
[18:25:38] Finished D:\pre-release\data\portable\stapler-056-1                                                                                                             run_norfair_tracking.py:122
